<?xml version="1.0" encoding="UTF-8"?>
<!-- Generated by org.testng.reporters.JUnitReportReporter -->
<testsuite hostname="sr39-PC" name="apiSne.Apiweather" tests="1" failures="0" timestamp="14 Aug 2019 08:30:29 GMT" time="1.527" errors="0">
  <testcase name="test12" time="1.527" classname="apiSne.Apiweather"/>
</testsuite> <!-- apiSne.Apiweather -->
